  Trwa skanowanie źródeł pod kątem zależności modułów...
  glm.cppm
  Trwa kompilowanie…
  glm.cppm
  Application.cpp
  IndexBuffer.cpp
  Renderer.cpp
  Shader.cpp
  Erosion.cpp
  Noise.cpp
C:\Users\kunio\source\repos\Qnewek\ProceduralTerrainGeneration\ProceduralTerrainGenerator\ProceduralTerrainGenerator\src\terrainGeneration\Noise.cpp(38,21): warning C4018: "<": niezgodność typu ze znakiem/bez znaku
C:\Users\kunio\source\repos\Qnewek\ProceduralTerrainGeneration\ProceduralTerrainGenerator\ProceduralTerrainGenerator\src\terrainGeneration\Noise.cpp(40,22): warning C4018: "<": niezgodność typu ze znakiem/bez znaku
C:\Users\kunio\source\repos\Qnewek\ProceduralTerrainGeneration\ProceduralTerrainGenerator\ProceduralTerrainGenerator\src\terrainGeneration\Noise.cpp(50,17): warning C4305: "inicjowanie": obcięcie z "long double" do "float"
C:\Users\kunio\source\repos\Qnewek\ProceduralTerrainGeneration\ProceduralTerrainGenerator\ProceduralTerrainGenerator\src\terrainGeneration\Noise.cpp(137,19): warning C4244: "=": konwersja z "double" do "float", możliwa utrata danych
C:\Users\kunio\source\repos\Qnewek\ProceduralTerrainGeneration\ProceduralTerrainGenerator\ProceduralTerrainGenerator\src\terrainGeneration\Noise.cpp(143,17): warning C4244: "=": konwersja z "long double" do "float", możliwa utrata danych
C:\Users\kunio\source\repos\Qnewek\ProceduralTerrainGeneration\ProceduralTerrainGenerator\ProceduralTerrainGenerator\src\terrainGeneration\Noise.cpp(156,19): warning C4554: „>>”: Sprawdź pierwszeństwo operatorów w poszukiwaniu możliwego błędu; użyj nawiasów, aby ujednoznacznić pierwszeństwo
C:\Users\kunio\source\repos\Qnewek\ProceduralTerrainGeneration\ProceduralTerrainGenerator\ProceduralTerrainGenerator\src\terrainGeneration\Noise.cpp(159,19): warning C4554: „>>”: Sprawdź pierwszeństwo operatorów w poszukiwaniu możliwego błędu; użyj nawiasów, aby ujednoznacznić pierwszeństwo
C:\Users\kunio\source\repos\Qnewek\ProceduralTerrainGeneration\ProceduralTerrainGenerator\ProceduralTerrainGenerator\src\terrainGeneration\Noise.cpp(161,16): warning C4244: "inicjowanie": konwersja z "double" do "float", możliwa utrata danych
C:\Users\kunio\source\repos\Qnewek\ProceduralTerrainGeneration\ProceduralTerrainGenerator\ProceduralTerrainGenerator\src\terrainGeneration\Noise.cpp(180,46): warning C4244: "return": konwersja z "double" do "float", możliwa utrata danych
  Test.cpp
  TestImage.cpp
  TestNoiseMesh.cpp
  Texture.cpp
  Camera.cpp
C:\Users\kunio\source\repos\Qnewek\ProceduralTerrainGeneration\ProceduralTerrainGenerator\ProceduralTerrainGenerator\src\utility\Camera.cpp(12,32): warning C4244: "inicjowanie": konwersja z "double" do "float", możliwa utrata danych
C:\Users\kunio\source\repos\Qnewek\ProceduralTerrainGeneration\ProceduralTerrainGenerator\ProceduralTerrainGenerator\src\utility\Camera.cpp(12,6): warning C4244: "inicjowanie": konwersja z "double" do "float", możliwa utrata danych
  LightSource.cpp
  utilities.cpp
C:\Users\kunio\source\repos\Qnewek\ProceduralTerrainGeneration\ProceduralTerrainGenerator\ProceduralTerrainGenerator\src\utility\utilities.cpp(69,21): warning C4018: "<": niezgodność typu ze znakiem/bez znaku
C:\Users\kunio\source\repos\Qnewek\ProceduralTerrainGeneration\ProceduralTerrainGenerator\ProceduralTerrainGenerator\src\utility\utilities.cpp(71,22): warning C4018: "<": niezgodność typu ze znakiem/bez znaku
C:\Users\kunio\source\repos\Qnewek\ProceduralTerrainGeneration\ProceduralTerrainGenerator\ProceduralTerrainGenerator\src\utility\utilities.cpp(105,21): warning C4018: "<": niezgodność typu ze znakiem/bez znaku
C:\Users\kunio\source\repos\Qnewek\ProceduralTerrainGeneration\ProceduralTerrainGenerator\ProceduralTerrainGenerator\src\utility\utilities.cpp(106,22): warning C4018: "<": niezgodność typu ze znakiem/bez znaku
C:\Users\kunio\source\repos\Qnewek\ProceduralTerrainGeneration\ProceduralTerrainGenerator\ProceduralTerrainGenerator\src\utility\utilities.cpp(115,21): warning C4018: "<": niezgodność typu ze znakiem/bez znaku
C:\Users\kunio\source\repos\Qnewek\ProceduralTerrainGeneration\ProceduralTerrainGenerator\ProceduralTerrainGenerator\src\utility\utilities.cpp(128,21): warning C4018: "<": niezgodność typu ze znakiem/bez znaku
C:\Users\kunio\source\repos\Qnewek\ProceduralTerrainGeneration\ProceduralTerrainGenerator\ProceduralTerrainGenerator\src\utility\utilities.cpp(156,21): warning C4018: "<": niezgodność typu ze znakiem/bez znaku
  glm.cpp
  imgui.cpp
  imgui_demo.cpp
  imgui_draw.cpp
  imgui_impl_glfw_gl3.cpp
  SimplexNoise.cpp
  stb_image.cpp
  Generowanie kodu...
  Trwa kompilowanie...
  VertexArray.cpp
  VertexBuffer.cpp
  Generowanie kodu...
LINK : warning LNK4098: domyślna biblioteka „MSVCRT” powoduje konflikt z innymi bibliotekami; użyj opcji /NODEFAULTLIB:biblioteka
LINK : warning LNK4098: domyślna biblioteka „LIBCMT” powoduje konflikt z innymi bibliotekami; użyj opcji /NODEFAULTLIB:biblioteka
glew32s.lib(glew.obj) : warning LNK4099: nie znaleziono pliku PDB „” z elementem „glew32s.lib(glew.obj)” lub w pozycji „”; obiekt zostanie skonsolidowany bez informacji debugowania
  ProceduralTerrainGenerator.vcxproj -> C:\Users\kunio\Source\Repos\Qnewek\ProceduralTerrainGeneration\ProceduralTerrainGenerator\Debug\ProceduralTerrainGenerator.exe
